<?xml version="1.0" encoding="UTF-8" ?>
<testsuite tests="26" failures="0" name="automation.runner.TestRunner1" time="182.518" errors="0" skipped="0">
  <properties>
[...]
</properties>
  <testcase classname="This feature is to test functionality related to the Home Page" name="Verify user is able to see welcome message." time="9.566"/>
  <testcase classname="This feature is to test functionality related to the Home Page" name="Verify home title" time="6.506"/>
  <testcase classname="This feature is to test functionality related to the Home Page" name="verify checking category" time="6.325"/>
  <testcase classname="This feature is to test functionality related to the Home Page" name="Verify savings category" time="6.376"/>
  <testcase classname="This feature is to test functionality related to the Home Page" name="Verify external category under banking account" time="6.301"/>
  <testcase classname="This feature is to test functionality related to the Home Page" name="Verify Transactions title and categories" time="6.346"/>
  <testcase classname="This feature is to test new Checking Account functionalities" name="Verify available options under Checking section #1" time="7.027"/>
  <testcase classname="This feature is to test new Checking Account functionalities" name="Verify available options under Checking section #2" time="7.231"/>
  <testcase classname="This feature is to test new Checking Account functionalities" name="Verify user is redirected to new page after clicking on New Checking" time="7.094"/>
  <testcase classname="This feature is to test new Checking Account functionalities" name="Checking Account Type categories verification #1" time="7.299"/>
  <testcase classname="This feature is to test new Checking Account functionalities" name="Checking Account Type categories verification #2" time="6.977"/>
  <testcase classname="This feature is to test new Checking Account functionalities" name="Select Account Ownership categories verification #1" time="6.721"/>
  <testcase classname="This feature is to test new Checking Account functionalities" name="Select Account Ownership categories verification #2" time="7.049"/>
  <testcase classname="This feature is to test new Checking Account functionalities" name="Account Name element verification" time="9.029"/>
  <testcase classname="This feature is to test new Checking Account functionalities" name="Initial Deposit Amount element verification" time="7.173"/>
  <testcase classname="This feature is to test new Checking Account functionalities" name="Create New Account verification" time="7.6"/>
  <testcase classname="this feature is to test if the user have the ability to view there Checking" name="verify Transactions table is displayed #1" time="6.925"/>
  <testcase classname="this feature is to test if the user have the ability to view there Checking" name="verify Transactions table is displayed #2" time="6.582"/>
  <testcase classname="this feature is to test if the user have the ability to view there Checking" name="user is able to see View Checking page Transactions" time="6.567"/>
  <testcase classname="this feature is to test if the user have the ability to view there Checking" name="verify &quot;Date&quot; header is displayed under transaction table #1" time="6.4"/>
  <testcase classname="this feature is to test if the user have the ability to view there Checking" name="verify &quot;Date&quot; header is displayed under transaction table #2" time="7.379"/>
  <testcase classname="this feature is to test if the user have the ability to view there Checking" name="verify &quot;Date&quot; header is displayed under transaction table #3" time="6.67"/>
  <testcase classname="this feature is to test if the user have the ability to view there Checking" name="verify &quot;Date&quot; header is displayed under transaction table #4" time="6.825"/>
  <testcase classname="this feature is to test if the user have the ability to view there Checking" name="verify &quot;Date&quot; header is displayed under transaction table #5" time="6.824"/>
  <testcase classname="this feature is to test if the user have the ability to view there Checking" name="Verify that only 1 checking account is Activated" time="6.726"/>
  <testcase classname="this feature is to test if the user have the ability to view there Checking" name="Verify transaction history is displayed" time="7"/>
</testsuite>