<?xml version="1.0" encoding="UTF-8" ?>
<testsuite tests="26" failures="0" name="automation.runner.TestRunner1" time="126.118" errors="0" skipped="0">
  <properties>
[...]
</properties>
  <testcase classname="This feature is to test functionality related to the Home Page" name="Verify user is able to see welcome message." time="6.901"/>
  <testcase classname="This feature is to test functionality related to the Home Page" name="Verify home title" time="4.317"/>
  <testcase classname="This feature is to test functionality related to the Home Page" name="verify checking category" time="4.518"/>
  <testcase classname="This feature is to test functionality related to the Home Page" name="Verify savings category" time="4.308"/>
  <testcase classname="This feature is to test functionality related to the Home Page" name="Verify external category under banking account" time="4.223"/>
  <testcase classname="This feature is to test functionality related to the Home Page" name="Verify Transactions title and categories" time="4.3"/>
  <testcase classname="This feature is to test new Checking Account functionalities" name="Verify available options under Checking section #1" time="4.939"/>
  <testcase classname="This feature is to test new Checking Account functionalities" name="Verify available options under Checking section #2" time="4.817"/>
  <testcase classname="This feature is to test new Checking Account functionalities" name="Verify user is redirected to new page after clicking on New Checking" time="4.869"/>
  <testcase classname="This feature is to test new Checking Account functionalities" name="Checking Account Type categories verification #1" time="4.645"/>
  <testcase classname="This feature is to test new Checking Account functionalities" name="Checking Account Type categories verification #2" time="4.827"/>
  <testcase classname="This feature is to test new Checking Account functionalities" name="Select Account Ownership categories verification #1" time="4.405"/>
  <testcase classname="This feature is to test new Checking Account functionalities" name="Select Account Ownership categories verification #2" time="4.759"/>
  <testcase classname="This feature is to test new Checking Account functionalities" name="Account Name element verification" time="6.63"/>
  <testcase classname="This feature is to test new Checking Account functionalities" name="Initial Deposit Amount element verification" time="4.92"/>
  <testcase classname="This feature is to test new Checking Account functionalities" name="Create New Account verification" time="4.934"/>
  <testcase classname="this feature is to test if the user have the ability to view there Checking" name="verify Transactions table is displayed #1" time="4.41"/>
  <testcase classname="this feature is to test if the user have the ability to view there Checking" name="verify Transactions table is displayed #2" time="4.858"/>
  <testcase classname="this feature is to test if the user have the ability to view there Checking" name="user is able to see View Checking page Transactions" time="4.828"/>
  <testcase classname="this feature is to test if the user have the ability to view there Checking" name="verify &quot;Date&quot; header is displayed under transaction table #1" time="4.926"/>
  <testcase classname="this feature is to test if the user have the ability to view there Checking" name="verify &quot;Date&quot; header is displayed under transaction table #2" time="4.622"/>
  <testcase classname="this feature is to test if the user have the ability to view there Checking" name="verify &quot;Date&quot; header is displayed under transaction table #3" time="4.652"/>
  <testcase classname="this feature is to test if the user have the ability to view there Checking" name="verify &quot;Date&quot; header is displayed under transaction table #4" time="5.018"/>
  <testcase classname="this feature is to test if the user have the ability to view there Checking" name="verify &quot;Date&quot; header is displayed under transaction table #5" time="5.021"/>
  <testcase classname="this feature is to test if the user have the ability to view there Checking" name="Verify that only 1 checking account is Activated" time="4.693"/>
  <testcase classname="this feature is to test if the user have the ability to view there Checking" name="Verify transaction history is displayed" time="4.778"/>
</testsuite>