<?xml version="1.0" encoding="UTF-8" ?>
<testsuite tests="6" failures="0" name="automation.runner.SystemTest" time="90.808" errors="0" skipped="0">
  <properties>
[...]
</properties>
  <testcase classname="This feature is to test end to end flow of the website." name="Verify user can place order" time="16.777"/>
  <testcase classname="This Feature is to test the cart functionality of the app" name="Verify user is able to see there product on the cart" time="15.459"/>
  <testcase classname="This Feature is is to test that user is able to add item in cart and also able to remove item from there cart successfully" name="Verify user is able to add and remove item from there cart and application behave as expected." time="13.915"/>
  <testcase classname="This feature is to test that user is able to login add item to cart, logout and login again to continue the order." name="Verify user is able to continue the order after logout" time="19.057"/>
  <testcase classname="This feature file to test the functionality related to login." name="Verify user can login." time="10.034"/>
  <testcase classname="This feature is to test user is able to oder multiple items on the website." name="Verify user can select multiple items and place order." time="15.566"/>
</testsuite>